# JRE version: Java(TM) SE Runtime Environment (8.0_221-b11) (build 1.8.0_221-b11)
# Java VM: Java HotSpot(TM) 64-Bit Server VM (25.221-b11 mixed mode windows-amd64 compressed oops)
Heap:
 PSYoungGen      total 211456K, used 19777K [0x0000000741d80000, 0x000000074fb80000, 0x00000007c0000000)
  eden space 195584K, 2% used [0x0000000741d80000,0x0000000742151f88,0x000000074dc80000)
  from space 15872K, 99% used [0x000000074dc80000,0x000000074ebfe5f0,0x000000074ec00000)
  to   space 15872K, 0% used [0x000000074ec00000,0x000000074ec00000,0x000000074fb80000)
 ParOldGen       total 259584K, used 29284K [0x0000000645800000, 0x0000000655580000, 0x0000000741d80000)
  object space 259584K, 11% used [0x0000000645800000,0x0000000647499130,0x0000000655580000)
 Metaspace       used 20191K, capacity 20882K, committed 21120K, reserved 1069056K
  class space    used 2254K, capacity 2429K, committed 2432K, reserved 1048576K
GC Heap History (10 events):
Event: 4.189 GC heap before
{Heap before GC invocations=1 (full 0):
 PSYoungGen      total 113664K, used 97792K [0x0000000741d80000, 0x0000000749c00000, 0x00000007c0000000)
  eden space 97792K, 100% used [0x0000000741d80000,0x0000000747d00000,0x0000000747d00000)
  from space 15872K, 0% used [0x0000000748c80000,0x0000000748c80000,0x0000000749c00000)
  to   space 15872K, 0% used [0x0000000747d00000,0x0000000747d00000,0x0000000748c80000)
 ParOldGen       total 259584K, used 0K [0x0000000645800000, 0x0000000655580000, 0x0000000741d80000)
  object space 259584K, 0% used [0x0000000645800000,0x0000000645800000,0x0000000655580000)
 Metaspace       used 15094K, capacity 15398K, committed 15616K, reserved 1062912K
  class space    used 1854K, capacity 1944K, committed 2048K, reserved 1048576K
Event: 4.210 GC heap after
Heap after GC invocations=1 (full 0):
 PSYoungGen      total 113664K, used 15033K [0x0000000741d80000, 0x0000000749c00000, 0x00000007c0000000)
  eden space 97792K, 0% used [0x0000000741d80000,0x0000000741d80000,0x0000000747d00000)
  from space 15872K, 94% used [0x0000000747d00000,0x0000000748bae5c8,0x0000000748c80000)
  to   space 15872K, 0% used [0x0000000748c80000,0x0000000748c80000,0x0000000749c00000)
 ParOldGen       total 259584K, used 35K [0x0000000645800000, 0x0000000655580000, 0x0000000741d80000)
  object space 259584K, 0% used [0x0000000645800000,0x0000000645808c30,0x0000000655580000)
 Metaspace       used 15094K, capacity 15398K, committed 15616K, reserved 1062912K
  class space    used 1854K, capacity 1944K, committed 2048K, reserved 1048576K
}
Event: 5.448 GC heap before
{Heap before GC invocations=2 (full 0):
 PSYoungGen      total 113664K, used 112825K [0x0000000741d80000, 0x0000000749c00000, 0x00000007c0000000)
  eden space 97792K, 100% used [0x0000000741d80000,0x0000000747d00000,0x0000000747d00000)
  from space 15872K, 94% used [0x0000000747d00000,0x0000000748bae5c8,0x0000000748c80000)
  to   space 15872K, 0% used [0x0000000748c80000,0x0000000748c80000,0x0000000749c00000)
 ParOldGen       total 259584K, used 35K [0x0000000645800000, 0x0000000655580000, 0x0000000741d80000)
  object space 259584K, 0% used [0x0000000645800000,0x0000000645808c30,0x0000000655580000)
 Metaspace       used 15854K, capacity 16156K, committed 16384K, reserved 1062912K
  class space    used 1890K, capacity 1979K, committed 2048K, reserved 1048576K
Event: 5.462 GC heap after
Heap after GC invocations=2 (full 0):
 PSYoungGen      total 113664K, used 15864K [0x0000000741d80000, 0x0000000749c00000, 0x00000007c0000000)
  eden space 97792K, 0% used [0x0000000741d80000,0x0000000741d80000,0x0000000747d00000)
  from space 15872K, 99% used [0x0000000748c80000,0x0000000749bfe070,0x0000000749c00000)
  to   space 15872K, 0% used [0x0000000747d00000,0x0000000747d00000,0x0000000748c80000)
 ParOldGen       total 259584K, used 438K [0x0000000645800000, 0x0000000655580000, 0x0000000741d80000)
  object space 259584K, 0% used [0x0000000645800000,0x000000064586d9f8,0x0000000655580000)
 Metaspace       used 15854K, capacity 16156K, committed 16384K, reserved 1062912K
  class space    used 1890K, capacity 1979K, committed 2048K, reserved 1048576K
}
Event: 6.305 GC heap before
{Heap before GC invocations=3 (full 0):
 PSYoungGen      total 113664K, used 113656K [0x0000000741d80000, 0x0000000749c00000, 0x00000007c0000000)
  eden space 97792K, 100% used [0x0000000741d80000,0x0000000747d00000,0x0000000747d00000)
  from space 15872K, 99% used [0x0000000748c80000,0x0000000749bfe070,0x0000000749c00000)
  to   space 15872K, 0% used [0x0000000747d00000,0x0000000747d00000,0x0000000748c80000)
 ParOldGen       total 259584K, used 438K [0x0000000645800000, 0x0000000655580000, 0x0000000741d80000)
  object space 259584K, 0% used [0x0000000645800000,0x000000064586d9f8,0x0000000655580000)
 Metaspace       used 16321K, capacity 16702K, committed 16896K, reserved 1064960K
  class space    used 1906K, capacity 2022K, committed 2048K, reserved 1048576K
Event: 6.330 GC heap after
Heap after GC invocations=3 (full 0):
 PSYoungGen      total 113664K, used 15864K [0x0000000741d80000, 0x000000074fb80000, 0x00000007c0000000)
  eden space 97792K, 0% used [0x0000000741d80000,0x0000000741d80000,0x0000000747d00000)
  from space 15872K, 99% used [0x0000000747d00000,0x0000000748c7e070,0x0000000748c80000)
  to   space 15872K, 0% used [0x000000074ec00000,0x000000074ec00000,0x000000074fb80000)
 ParOldGen       total 259584K, used 8894K [0x0000000645800000, 0x0000000655580000, 0x0000000741d80000)
  object space 259584K, 3% used [0x0000000645800000,0x00000006460afa10,0x0000000655580000)
 Metaspace       used 16321K, capacity 16702K, committed 16896K, reserved 1064960K
  class space    used 1906K, capacity 2022K, committed 2048K, reserved 1048576K
}
Event: 6.969 GC heap before
{Heap before GC invocations=4 (full 0):
 PSYoungGen      total 113664K, used 113656K [0x0000000741d80000, 0x000000074fb80000, 0x00000007c0000000)
  eden space 97792K, 100% used [0x0000000741d80000,0x0000000747d00000,0x0000000747d00000)
  from space 15872K, 99% used [0x0000000747d00000,0x0000000748c7e070,0x0000000748c80000)
  to   space 15872K, 0% used [0x000000074ec00000,0x000000074ec00000,0x000000074fb80000)
 ParOldGen       total 259584K, used 8894K [0x0000000645800000, 0x0000000655580000, 0x0000000741d80000)
  object space 259584K, 3% used [0x0000000645800000,0x00000006460afa10,0x0000000655580000)
 Metaspace       used 16511K, capacity 16894K, committed 17152K, reserved 1064960K
  class space    used 1909K, capacity 2022K, committed 2048K, reserved 1048576K
Event: 6.992 GC heap after
Heap after GC invocations=4 (full 0):
 PSYoungGen      total 211456K, used 15864K [0x0000000741d80000, 0x000000074fb80000, 0x00000007c0000000)
  eden space 195584K, 0% used [0x0000000741d80000,0x0000000741d80000,0x000000074dc80000)
  from space 15872K, 99% used [0x000000074ec00000,0x000000074fb7e050,0x000000074fb80000)
  to   space 15872K, 0% used [0x000000074dc80000,0x000000074dc80000,0x000000074ec00000)
 ParOldGen       total 259584K, used 18703K [0x0000000645800000, 0x0000000655580000, 0x0000000741d80000)
  object space 259584K, 7% used [0x0000000645800000,0x0000000646a43fb0,0x0000000655580000)
 Metaspace       used 16511K, capacity 16894K, committed 17152K, reserved 1064960K
  class space    used 1909K, capacity 2022K, committed 2048K, reserved 1048576K
}
Event: 9.911 GC heap before
{Heap before GC invocations=5 (full 0):
 PSYoungGen      total 211456K, used 211448K [0x0000000741d80000, 0x000000074fb80000, 0x00000007c0000000)
  eden space 195584K, 100% used [0x0000000741d80000,0x000000074dc80000,0x000000074dc80000)
  from space 15872K, 99% used [0x000000074ec00000,0x000000074fb7e050,0x000000074fb80000)
  to   space 15872K, 0% used [0x000000074dc80000,0x000000074dc80000,0x000000074ec00000)
 ParOldGen       total 259584K, used 18703K [0x0000000645800000, 0x0000000655580000, 0x0000000741d80000)
  object space 259584K, 7% used [0x0000000645800000,0x0000000646a43fb0,0x0000000655580000)
 Metaspace       used 20186K, capacity 20818K, committed 21120K, reserved 1069056K
  class space    used 2253K, capacity 2429K, committed 2432K, reserved 1048576K
Event: 9.933 GC heap after
Heap after GC invocations=5 (full 0):
 PSYoungGen      total 211456K, used 15865K [0x0000000741d80000, 0x000000074fb80000, 0x00000007c0000000)
  eden space 195584K, 0% used [0x0000000741d80000,0x0000000741d80000,0x000000074dc80000)
  from space 15872K, 99% used [0x000000074dc80000,0x000000074ebfe5f0,0x000000074ec00000)
  to   space 15872K, 0% used [0x000000074ec00000,0x000000074ec00000,0x000000074fb80000)
 ParOldGen       total 259584K, used 29284K [0x0000000645800000, 0x0000000655580000, 0x0000000741d80000)
  object space 259584K, 11% used [0x0000000645800000,0x0000000647499130,0x0000000655580000)
 Metaspace       used 20186K, capacity 20818K, committed 21120K, reserved 1069056K
  class space    used 2253K, capacity 2429K, committed 2432K, reserved 1048576K
}

