# JRE version: Java(TM) SE Runtime Environment (8.0_221-b11) (build 1.8.0_221-b11)
# Java VM: Java HotSpot(TM) 64-Bit Server VM (25.221-b11 mixed mode windows-amd64 compressed oops)
Heap:
 PSYoungGen      total 204288K, used 30005K [0x0000000741d80000, 0x0000000755c80000, 0x00000007c0000000)
  eden space 188416K, 10% used [0x0000000741d80000,0x0000000743072e68,0x000000074d580000)
  from space 15872K, 66% used [0x000000074d580000,0x000000074dfda638,0x000000074e500000)
  to   space 12800K, 0% used [0x0000000755000000,0x0000000755000000,0x0000000755c80000)
 ParOldGen       total 125440K, used 14921K [0x0000000645800000, 0x000000064d280000, 0x0000000741d80000)
  object space 125440K, 11% used [0x0000000645800000,0x00000006466925c0,0x000000064d280000)
 Metaspace       used 41239K, capacity 43558K, committed 43688K, reserved 1087488K
  class space    used 5594K, capacity 6015K, committed 6064K, reserved 1048576K
GC Heap History (10 events):
Event: 8.532 GC heap before
{Heap before GC invocations=5 (full 1):
 PSYoungGen      total 113664K, used 97792K [0x0000000741d80000, 0x000000074fb80000, 0x00000007c0000000)
  eden space 97792K, 100% used [0x0000000741d80000,0x0000000747d00000,0x0000000747d00000)
  from space 15872K, 0% used [0x0000000747d00000,0x0000000747d00000,0x0000000748c80000)
  to   space 15872K, 0% used [0x000000074ec00000,0x000000074ec00000,0x000000074fb80000)
 ParOldGen       total 125440K, used 6440K [0x0000000645800000, 0x000000064d280000, 0x0000000741d80000)
  object space 125440K, 5% used [0x0000000645800000,0x0000000645e4a060,0x000000064d280000)
 Metaspace       used 27497K, capacity 29070K, committed 29104K, reserved 1075200K
  class space    used 3665K, capacity 3993K, committed 4016K, reserved 1048576K
Event: 8.539 GC heap after
Heap after GC invocations=5 (full 1):
 PSYoungGen      total 178688K, used 8277K [0x0000000741d80000, 0x000000074f480000, 0x00000007c0000000)
  eden space 169984K, 0% used [0x0000000741d80000,0x0000000741d80000,0x000000074c380000)
  from space 8704K, 95% used [0x000000074ec00000,0x000000074f415418,0x000000074f480000)
  to   space 15872K, 0% used [0x000000074d580000,0x000000074d580000,0x000000074e500000)
 ParOldGen       total 125440K, used 6512K [0x0000000645800000, 0x000000064d280000, 0x0000000741d80000)
  object space 125440K, 5% used [0x0000000645800000,0x0000000645e5c070,0x000000064d280000)
 Metaspace       used 27497K, capacity 29070K, committed 29104K, reserved 1075200K
  class space    used 3665K, capacity 3993K, committed 4016K, reserved 1048576K
}
Event: 9.545 GC heap before
{Heap before GC invocations=6 (full 1):
 PSYoungGen      total 178688K, used 178261K [0x0000000741d80000, 0x000000074f480000, 0x00000007c0000000)
  eden space 169984K, 100% used [0x0000000741d80000,0x000000074c380000,0x000000074c380000)
  from space 8704K, 95% used [0x000000074ec00000,0x000000074f415418,0x000000074f480000)
  to   space 15872K, 0% used [0x000000074d580000,0x000000074d580000,0x000000074e500000)
 ParOldGen       total 125440K, used 6512K [0x0000000645800000, 0x000000064d280000, 0x0000000741d80000)
  object space 125440K, 5% used [0x0000000645800000,0x0000000645e5c070,0x000000064d280000)
 Metaspace       used 31034K, capacity 32810K, committed 32944K, reserved 1077248K
  class space    used 4081K, capacity 4415K, committed 4528K, reserved 1048576K
Event: 9.557 GC heap after
Heap after GC invocations=6 (full 1):
 PSYoungGen      total 204288K, used 12246K [0x0000000741d80000, 0x0000000755300000, 0x00000007c0000000)
  eden space 188416K, 0% used [0x0000000741d80000,0x0000000741d80000,0x000000074d580000)
  from space 15872K, 77% used [0x000000074d580000,0x000000074e1758b0,0x000000074e500000)
  to   space 12800K, 0% used [0x0000000754680000,0x0000000754680000,0x0000000755300000)
 ParOldGen       total 125440K, used 6520K [0x0000000645800000, 0x000000064d280000, 0x0000000741d80000)
  object space 125440K, 5% used [0x0000000645800000,0x0000000645e5e070,0x000000064d280000)
 Metaspace       used 31034K, capacity 32810K, committed 32944K, reserved 1077248K
  class space    used 4081K, capacity 4415K, committed 4528K, reserved 1048576K
}
Event: 10.054 GC heap before
{Heap before GC invocations=7 (full 1):
 PSYoungGen      total 204288K, used 88060K [0x0000000741d80000, 0x0000000755300000, 0x00000007c0000000)
  eden space 188416K, 40% used [0x0000000741d80000,0x0000000746789a68,0x000000074d580000)
  from space 15872K, 77% used [0x000000074d580000,0x000000074e1758b0,0x000000074e500000)
  to   space 12800K, 0% used [0x0000000754680000,0x0000000754680000,0x0000000755300000)
 ParOldGen       total 125440K, used 6520K [0x0000000645800000, 0x000000064d280000, 0x0000000741d80000)
  object space 125440K, 5% used [0x0000000645800000,0x0000000645e5e070,0x000000064d280000)
 Metaspace       used 33483K, capacity 35396K, committed 35496K, reserved 1079296K
  class space    used 4386K, capacity 4744K, committed 4784K, reserved 1048576K
Event: 10.062 GC heap after
Heap after GC invocations=7 (full 1):
 PSYoungGen      total 201216K, used 10072K [0x0000000741d80000, 0x0000000755300000, 0x00000007c0000000)
  eden space 188416K, 0% used [0x0000000741d80000,0x0000000741d80000,0x000000074d580000)
  from space 12800K, 78% used [0x0000000754680000,0x0000000755056398,0x0000000755300000)
  to   space 15872K, 0% used [0x000000074d580000,0x000000074d580000,0x000000074e500000)
 ParOldGen       total 125440K, used 6528K [0x0000000645800000, 0x000000064d280000, 0x0000000741d80000)
  object space 125440K, 5% used [0x0000000645800000,0x0000000645e60070,0x000000064d280000)
 Metaspace       used 33483K, capacity 35396K, committed 35496K, reserved 1079296K
  class space    used 4386K, capacity 4744K, committed 4784K, reserved 1048576K
}
Event: 10.062 GC heap before
{Heap before GC invocations=8 (full 2):
 PSYoungGen      total 201216K, used 10072K [0x0000000741d80000, 0x0000000755300000, 0x00000007c0000000)
  eden space 188416K, 0% used [0x0000000741d80000,0x0000000741d80000,0x000000074d580000)
  from space 12800K, 78% used [0x0000000754680000,0x0000000755056398,0x0000000755300000)
  to   space 15872K, 0% used [0x000000074d580000,0x000000074d580000,0x000000074e500000)
 ParOldGen       total 125440K, used 6528K [0x0000000645800000, 0x000000064d280000, 0x0000000741d80000)
  object space 125440K, 5% used [0x0000000645800000,0x0000000645e60070,0x000000064d280000)
 Metaspace       used 33483K, capacity 35396K, committed 35496K, reserved 1079296K
  class space    used 4386K, capacity 4744K, committed 4784K, reserved 1048576K
Event: 10.143 GC heap after
Heap after GC invocations=8 (full 2):
 PSYoungGen      total 201216K, used 0K [0x0000000741d80000, 0x0000000755300000, 0x00000007c0000000)
  eden space 188416K, 0% used [0x0000000741d80000,0x0000000741d80000,0x000000074d580000)
  from space 12800K, 0% used [0x0000000754680000,0x0000000754680000,0x0000000755300000)
  to   space 15872K, 0% used [0x000000074d580000,0x000000074d580000,0x000000074e500000)
 ParOldGen       total 125440K, used 14913K [0x0000000645800000, 0x000000064d280000, 0x0000000741d80000)
  object space 125440K, 11% used [0x0000000645800000,0x00000006466905c0,0x000000064d280000)
 Metaspace       used 33483K, capacity 35396K, committed 35496K, reserved 1079296K
  class space    used 4386K, capacity 4744K, committed 4784K, reserved 1048576K
}
Event: 11.775 GC heap before
{Heap before GC invocations=9 (full 2):
 PSYoungGen      total 201216K, used 188416K [0x0000000741d80000, 0x0000000755300000, 0x00000007c0000000)
  eden space 188416K, 100% used [0x0000000741d80000,0x000000074d580000,0x000000074d580000)
  from space 12800K, 0% used [0x0000000754680000,0x0000000754680000,0x0000000755300000)
  to   space 15872K, 0% used [0x000000074d580000,0x000000074d580000,0x000000074e500000)
 ParOldGen       total 125440K, used 14913K [0x0000000645800000, 0x000000064d280000, 0x0000000741d80000)
  object space 125440K, 11% used [0x0000000645800000,0x00000006466905c0,0x000000064d280000)
 Metaspace       used 40885K, capacity 43082K, committed 43432K, reserved 1087488K
  class space    used 5523K, capacity 5947K, committed 6064K, reserved 1048576K
Event: 11.783 GC heap after
Heap after GC invocations=9 (full 2):
 PSYoungGen      total 204288K, used 10601K [0x0000000741d80000, 0x0000000755c80000, 0x00000007c0000000)
  eden space 188416K, 0% used [0x0000000741d80000,0x0000000741d80000,0x000000074d580000)
  from space 15872K, 66% used [0x000000074d580000,0x000000074dfda638,0x000000074e500000)
  to   space 12800K, 0% used [0x0000000755000000,0x0000000755000000,0x0000000755c80000)
 ParOldGen       total 125440K, used 14921K [0x0000000645800000, 0x000000064d280000, 0x0000000741d80000)
  object space 125440K, 11% used [0x0000000645800000,0x00000006466925c0,0x000000064d280000)
 Metaspace       used 40885K, capacity 43082K, committed 43432K, reserved 1087488K
  class space    used 5523K, capacity 5947K, committed 6064K, reserved 1048576K
}

